INFO [2025-05-23 12:43:51] $x
INFO [2025-05-23 12:43:51] list(Endometriosis = all_up_endo, Autoimmune = all_up_auto)
INFO [2025-05-23 12:43:51] 
INFO [2025-05-23 12:43:51] $category.names
INFO [2025-05-23 12:43:51] c("Endometriosis", "Autoimmune")
INFO [2025-05-23 12:43:51] 
INFO [2025-05-23 12:43:51] $filename
INFO [2025-05-23 12:43:51] [1] "venn_up_genes.png"
INFO [2025-05-23 12:43:51] 
INFO [2025-05-23 12:43:51] $output
INFO [2025-05-23 12:43:51] [1] TRUE
INFO [2025-05-23 12:43:51] 
INFO [2025-05-23 12:43:51] $imagetype
INFO [2025-05-23 12:43:51] [1] "png"
INFO [2025-05-23 12:43:51] 
INFO [2025-05-23 12:43:51] $height
INFO [2025-05-23 12:43:51] [1] 4000
INFO [2025-05-23 12:43:51] 
INFO [2025-05-23 12:43:51] $width
INFO [2025-05-23 12:43:51] [1] 8000
INFO [2025-05-23 12:43:51] 
INFO [2025-05-23 12:43:51] $resolution
INFO [2025-05-23 12:43:51] [1] 300
INFO [2025-05-23 12:43:51] 
INFO [2025-05-23 12:43:51] $compression
INFO [2025-05-23 12:43:51] [1] "lzw"
INFO [2025-05-23 12:43:51] 
INFO [2025-05-23 12:43:51] $fill
INFO [2025-05-23 12:43:51] c("tomato", "skyblue")
INFO [2025-05-23 12:43:51] 
INFO [2025-05-23 12:43:51] $alpha
INFO [2025-05-23 12:43:51] [1] 0.5
INFO [2025-05-23 12:43:51] 
INFO [2025-05-23 12:43:51] $cex
INFO [2025-05-23 12:43:51] [1] 2
INFO [2025-05-23 12:43:51] 
INFO [2025-05-23 12:43:51] $cat.cex
INFO [2025-05-23 12:43:51] [1] 2
INFO [2025-05-23 12:43:51] 
INFO [2025-05-23 12:43:51] $cat.col
INFO [2025-05-23 12:43:51] c("tomato", "skyblue")
INFO [2025-05-23 12:43:51] 
INFO [2025-05-23 12:43:51] $main
INFO [2025-05-23 12:43:51] [1] "Upregulated Genes Overlap"
INFO [2025-05-23 12:43:51] 
