INFO [2025-05-23 12:42:42] $x
INFO [2025-05-23 12:42:42] list(Endometriosis = all_up_endo, Autoimmune = all_up_auto)
INFO [2025-05-23 12:42:42] 
INFO [2025-05-23 12:42:42] $category.names
INFO [2025-05-23 12:42:42] c("Endometriosis", "Autoimmune")
INFO [2025-05-23 12:42:42] 
INFO [2025-05-23 12:42:42] $filename
INFO [2025-05-23 12:42:42] [1] "venn_up_genes.png"
INFO [2025-05-23 12:42:42] 
INFO [2025-05-23 12:42:42] $output
INFO [2025-05-23 12:42:42] [1] TRUE
INFO [2025-05-23 12:42:42] 
INFO [2025-05-23 12:42:42] $imagetype
INFO [2025-05-23 12:42:42] [1] "png"
INFO [2025-05-23 12:42:42] 
INFO [2025-05-23 12:42:42] $height
INFO [2025-05-23 12:42:42] [1] 4000
INFO [2025-05-23 12:42:42] 
INFO [2025-05-23 12:42:42] $width
INFO [2025-05-23 12:42:42] [1] 8000
INFO [2025-05-23 12:42:42] 
INFO [2025-05-23 12:42:42] $resolution
INFO [2025-05-23 12:42:42] [1] 300
INFO [2025-05-23 12:42:42] 
INFO [2025-05-23 12:42:42] $compression
INFO [2025-05-23 12:42:42] [1] "lzw"
INFO [2025-05-23 12:42:42] 
INFO [2025-05-23 12:42:42] $fill
INFO [2025-05-23 12:42:42] c("tomato", "skyblue")
INFO [2025-05-23 12:42:42] 
INFO [2025-05-23 12:42:42] $alpha
INFO [2025-05-23 12:42:42] [1] 0.5
INFO [2025-05-23 12:42:42] 
INFO [2025-05-23 12:42:42] $cex
INFO [2025-05-23 12:42:42] [1] 3
INFO [2025-05-23 12:42:42] 
INFO [2025-05-23 12:42:42] $cat.cex
INFO [2025-05-23 12:42:42] [1] 3
INFO [2025-05-23 12:42:42] 
INFO [2025-05-23 12:42:42] $cat.col
INFO [2025-05-23 12:42:42] c("tomato", "skyblue")
INFO [2025-05-23 12:42:42] 
INFO [2025-05-23 12:42:42] $main
INFO [2025-05-23 12:42:42] [1] "Upregulated Genes Overlap"
INFO [2025-05-23 12:42:42] 
