INFO [2025-05-23 12:41:55] $x
INFO [2025-05-23 12:41:55] list(Endometriosis = all_up_endo, Autoimmune = all_up_auto)
INFO [2025-05-23 12:41:55] 
INFO [2025-05-23 12:41:55] $category.names
INFO [2025-05-23 12:41:55] c("Endometriosis", "Autoimmune")
INFO [2025-05-23 12:41:55] 
INFO [2025-05-23 12:41:55] $filename
INFO [2025-05-23 12:41:55] [1] "venn_up_genes.png"
INFO [2025-05-23 12:41:55] 
INFO [2025-05-23 12:41:55] $output
INFO [2025-05-23 12:41:55] [1] TRUE
INFO [2025-05-23 12:41:55] 
INFO [2025-05-23 12:41:55] $imagetype
INFO [2025-05-23 12:41:55] [1] "png"
INFO [2025-05-23 12:41:55] 
INFO [2025-05-23 12:41:55] $height
INFO [2025-05-23 12:41:55] [1] 2000
INFO [2025-05-23 12:41:55] 
INFO [2025-05-23 12:41:55] $width
INFO [2025-05-23 12:41:55] [1] 2000
INFO [2025-05-23 12:41:55] 
INFO [2025-05-23 12:41:55] $resolution
INFO [2025-05-23 12:41:55] [1] 300
INFO [2025-05-23 12:41:55] 
INFO [2025-05-23 12:41:55] $compression
INFO [2025-05-23 12:41:55] [1] "lzw"
INFO [2025-05-23 12:41:55] 
INFO [2025-05-23 12:41:55] $fill
INFO [2025-05-23 12:41:55] c("tomato", "skyblue")
INFO [2025-05-23 12:41:55] 
INFO [2025-05-23 12:41:55] $alpha
INFO [2025-05-23 12:41:55] [1] 0.5
INFO [2025-05-23 12:41:55] 
INFO [2025-05-23 12:41:55] $cex
INFO [2025-05-23 12:41:55] [1] 3
INFO [2025-05-23 12:41:55] 
INFO [2025-05-23 12:41:55] $cat.cex
INFO [2025-05-23 12:41:55] [1] 3
INFO [2025-05-23 12:41:55] 
INFO [2025-05-23 12:41:55] $cat.col
INFO [2025-05-23 12:41:55] c("tomato", "skyblue")
INFO [2025-05-23 12:41:55] 
INFO [2025-05-23 12:41:55] $main
INFO [2025-05-23 12:41:55] [1] "Upregulated Genes Overlap"
INFO [2025-05-23 12:41:55] 
