INFO [2025-05-23 12:46:12] $x
INFO [2025-05-23 12:46:12] list(Endometriosis = all_down_endo, Autoimmune = all_down_auto)
INFO [2025-05-23 12:46:12] 
INFO [2025-05-23 12:46:12] $category.names
INFO [2025-05-23 12:46:12] c("Endometriosis", "Autoimmune")
INFO [2025-05-23 12:46:12] 
INFO [2025-05-23 12:46:12] $filename
INFO [2025-05-23 12:46:12] [1] "venn_down_genes.png"
INFO [2025-05-23 12:46:12] 
INFO [2025-05-23 12:46:12] $output
INFO [2025-05-23 12:46:12] [1] TRUE
INFO [2025-05-23 12:46:12] 
INFO [2025-05-23 12:46:12] $imagetype
INFO [2025-05-23 12:46:12] [1] "png"
INFO [2025-05-23 12:46:12] 
INFO [2025-05-23 12:46:12] $height
INFO [2025-05-23 12:46:12] [1] 2000
INFO [2025-05-23 12:46:12] 
INFO [2025-05-23 12:46:12] $width
INFO [2025-05-23 12:46:12] [1] 2000
INFO [2025-05-23 12:46:12] 
INFO [2025-05-23 12:46:12] $resolution
INFO [2025-05-23 12:46:12] [1] 300
INFO [2025-05-23 12:46:12] 
INFO [2025-05-23 12:46:12] $compression
INFO [2025-05-23 12:46:12] [1] "lzw"
INFO [2025-05-23 12:46:12] 
INFO [2025-05-23 12:46:12] $fill
INFO [2025-05-23 12:46:12] c("darkgreen", "gold")
INFO [2025-05-23 12:46:12] 
INFO [2025-05-23 12:46:12] $alpha
INFO [2025-05-23 12:46:12] [1] 0.5
INFO [2025-05-23 12:46:12] 
INFO [2025-05-23 12:46:12] $cex
INFO [2025-05-23 12:46:12] [1] 3
INFO [2025-05-23 12:46:12] 
INFO [2025-05-23 12:46:12] $cat.cex
INFO [2025-05-23 12:46:12] [1] 3
INFO [2025-05-23 12:46:12] 
INFO [2025-05-23 12:46:12] $cat.col
INFO [2025-05-23 12:46:12] c("darkgreen", "gold")
INFO [2025-05-23 12:46:12] 
INFO [2025-05-23 12:46:12] $main
INFO [2025-05-23 12:46:12] [1] "Downregulated Genes Overlap"
INFO [2025-05-23 12:46:12] 
