INFO [2025-05-23 12:46:34] $x
INFO [2025-05-23 12:46:34] list(Endometriosis = all_down_endo, Autoimmune = all_down_auto)
INFO [2025-05-23 12:46:34] 
INFO [2025-05-23 12:46:34] $category.names
INFO [2025-05-23 12:46:34] c("Endometriosis", "Autoimmune")
INFO [2025-05-23 12:46:34] 
INFO [2025-05-23 12:46:34] $filename
INFO [2025-05-23 12:46:34] [1] "venn_down_genes.png"
INFO [2025-05-23 12:46:34] 
INFO [2025-05-23 12:46:34] $output
INFO [2025-05-23 12:46:34] [1] TRUE
INFO [2025-05-23 12:46:34] 
INFO [2025-05-23 12:46:34] $imagetype
INFO [2025-05-23 12:46:34] [1] "png"
INFO [2025-05-23 12:46:34] 
INFO [2025-05-23 12:46:34] $height
INFO [2025-05-23 12:46:34] [1] 4000
INFO [2025-05-23 12:46:34] 
INFO [2025-05-23 12:46:34] $width
INFO [2025-05-23 12:46:34] [1] 8000
INFO [2025-05-23 12:46:34] 
INFO [2025-05-23 12:46:34] $resolution
INFO [2025-05-23 12:46:34] [1] 300
INFO [2025-05-23 12:46:34] 
INFO [2025-05-23 12:46:34] $compression
INFO [2025-05-23 12:46:34] [1] "lzw"
INFO [2025-05-23 12:46:34] 
INFO [2025-05-23 12:46:34] $fill
INFO [2025-05-23 12:46:34] c("darkgreen", "gold")
INFO [2025-05-23 12:46:34] 
INFO [2025-05-23 12:46:34] $alpha
INFO [2025-05-23 12:46:34] [1] 0.5
INFO [2025-05-23 12:46:34] 
INFO [2025-05-23 12:46:34] $cex
INFO [2025-05-23 12:46:34] [1] 2
INFO [2025-05-23 12:46:34] 
INFO [2025-05-23 12:46:34] $cat.cex
INFO [2025-05-23 12:46:34] [1] 2
INFO [2025-05-23 12:46:34] 
INFO [2025-05-23 12:46:34] $cat.col
INFO [2025-05-23 12:46:34] c("darkgreen", "gold")
INFO [2025-05-23 12:46:34] 
INFO [2025-05-23 12:46:34] $main
INFO [2025-05-23 12:46:34] [1] "Downregulated Genes Overlap"
INFO [2025-05-23 12:46:34] 
