INFO [2025-05-23 12:40:19] $x
INFO [2025-05-23 12:40:19] list(Endometriosis = all_up_endo, Autoimmune = all_up_auto)
INFO [2025-05-23 12:40:19] 
INFO [2025-05-23 12:40:19] $category.names
INFO [2025-05-23 12:40:19] c("Endometriosis", "Autoimmune")
INFO [2025-05-23 12:40:19] 
INFO [2025-05-23 12:40:19] $filename
INFO [2025-05-23 12:40:19] [1] "venn_up_genes.png"
INFO [2025-05-23 12:40:19] 
INFO [2025-05-23 12:40:19] $output
INFO [2025-05-23 12:40:19] [1] TRUE
INFO [2025-05-23 12:40:19] 
INFO [2025-05-23 12:40:19] $imagetype
INFO [2025-05-23 12:40:19] [1] "png"
INFO [2025-05-23 12:40:19] 
INFO [2025-05-23 12:40:19] $fill
INFO [2025-05-23 12:40:19] c("tomato", "skyblue")
INFO [2025-05-23 12:40:19] 
INFO [2025-05-23 12:40:19] $alpha
INFO [2025-05-23 12:40:19] [1] 0.5
INFO [2025-05-23 12:40:19] 
INFO [2025-05-23 12:40:19] $cex
INFO [2025-05-23 12:40:19] [1] 2
INFO [2025-05-23 12:40:19] 
INFO [2025-05-23 12:40:19] $cat.cex
INFO [2025-05-23 12:40:19] [1] 2
INFO [2025-05-23 12:40:19] 
INFO [2025-05-23 12:40:19] $cat.col
INFO [2025-05-23 12:40:19] c("tomato", "skyblue")
INFO [2025-05-23 12:40:19] 
INFO [2025-05-23 12:40:19] $main
INFO [2025-05-23 12:40:19] [1] "Upregulated Genes Overlap"
INFO [2025-05-23 12:40:19] 
