INFO [2025-05-23 12:42:53] $x
INFO [2025-05-23 12:42:53] list(Endometriosis = all_up_endo, Autoimmune = all_up_auto)
INFO [2025-05-23 12:42:53] 
INFO [2025-05-23 12:42:53] $category.names
INFO [2025-05-23 12:42:53] c("Endometriosis", "Autoimmune")
INFO [2025-05-23 12:42:53] 
INFO [2025-05-23 12:42:53] $filename
INFO [2025-05-23 12:42:53] [1] "venn_up_genes.png"
INFO [2025-05-23 12:42:53] 
INFO [2025-05-23 12:42:53] $output
INFO [2025-05-23 12:42:53] [1] TRUE
INFO [2025-05-23 12:42:53] 
INFO [2025-05-23 12:42:53] $imagetype
INFO [2025-05-23 12:42:53] [1] "png"
INFO [2025-05-23 12:42:53] 
INFO [2025-05-23 12:42:53] $height
INFO [2025-05-23 12:42:53] [1] 4000
INFO [2025-05-23 12:42:53] 
INFO [2025-05-23 12:42:53] $width
INFO [2025-05-23 12:42:53] [1] 10000
INFO [2025-05-23 12:42:53] 
INFO [2025-05-23 12:42:53] $resolution
INFO [2025-05-23 12:42:53] [1] 300
INFO [2025-05-23 12:42:53] 
INFO [2025-05-23 12:42:53] $compression
INFO [2025-05-23 12:42:53] [1] "lzw"
INFO [2025-05-23 12:42:53] 
INFO [2025-05-23 12:42:53] $fill
INFO [2025-05-23 12:42:53] c("tomato", "skyblue")
INFO [2025-05-23 12:42:53] 
INFO [2025-05-23 12:42:53] $alpha
INFO [2025-05-23 12:42:53] [1] 0.5
INFO [2025-05-23 12:42:53] 
INFO [2025-05-23 12:42:53] $cex
INFO [2025-05-23 12:42:53] [1] 3
INFO [2025-05-23 12:42:53] 
INFO [2025-05-23 12:42:53] $cat.cex
INFO [2025-05-23 12:42:53] [1] 3
INFO [2025-05-23 12:42:53] 
INFO [2025-05-23 12:42:53] $cat.col
INFO [2025-05-23 12:42:53] c("tomato", "skyblue")
INFO [2025-05-23 12:42:53] 
INFO [2025-05-23 12:42:53] $main
INFO [2025-05-23 12:42:53] [1] "Upregulated Genes Overlap"
INFO [2025-05-23 12:42:53] 
