INFO [2025-05-23 12:42:32] $x
INFO [2025-05-23 12:42:32] list(Endometriosis = all_up_endo, Autoimmune = all_up_auto)
INFO [2025-05-23 12:42:32] 
INFO [2025-05-23 12:42:32] $category.names
INFO [2025-05-23 12:42:32] c("Endometriosis", "Autoimmune")
INFO [2025-05-23 12:42:32] 
INFO [2025-05-23 12:42:32] $filename
INFO [2025-05-23 12:42:32] [1] "venn_up_genes.png"
INFO [2025-05-23 12:42:32] 
INFO [2025-05-23 12:42:32] $output
INFO [2025-05-23 12:42:32] [1] TRUE
INFO [2025-05-23 12:42:32] 
INFO [2025-05-23 12:42:32] $imagetype
INFO [2025-05-23 12:42:32] [1] "png"
INFO [2025-05-23 12:42:32] 
INFO [2025-05-23 12:42:32] $height
INFO [2025-05-23 12:42:32] [1] 4000
INFO [2025-05-23 12:42:32] 
INFO [2025-05-23 12:42:32] $width
INFO [2025-05-23 12:42:32] [1] 6000
INFO [2025-05-23 12:42:32] 
INFO [2025-05-23 12:42:32] $resolution
INFO [2025-05-23 12:42:32] [1] 300
INFO [2025-05-23 12:42:32] 
INFO [2025-05-23 12:42:32] $compression
INFO [2025-05-23 12:42:32] [1] "lzw"
INFO [2025-05-23 12:42:32] 
INFO [2025-05-23 12:42:32] $fill
INFO [2025-05-23 12:42:32] c("tomato", "skyblue")
INFO [2025-05-23 12:42:32] 
INFO [2025-05-23 12:42:32] $alpha
INFO [2025-05-23 12:42:32] [1] 0.5
INFO [2025-05-23 12:42:32] 
INFO [2025-05-23 12:42:32] $cex
INFO [2025-05-23 12:42:32] [1] 3
INFO [2025-05-23 12:42:32] 
INFO [2025-05-23 12:42:32] $cat.cex
INFO [2025-05-23 12:42:32] [1] 3
INFO [2025-05-23 12:42:32] 
INFO [2025-05-23 12:42:32] $cat.col
INFO [2025-05-23 12:42:32] c("tomato", "skyblue")
INFO [2025-05-23 12:42:32] 
INFO [2025-05-23 12:42:32] $main
INFO [2025-05-23 12:42:32] [1] "Upregulated Genes Overlap"
INFO [2025-05-23 12:42:32] 
