INFO [2025-05-23 12:43:40] $x
INFO [2025-05-23 12:43:40] list(Endometriosis = all_up_endo, Autoimmune = all_up_auto)
INFO [2025-05-23 12:43:40] 
INFO [2025-05-23 12:43:40] $category.names
INFO [2025-05-23 12:43:40] c("Endometriosis", "Autoimmune")
INFO [2025-05-23 12:43:40] 
INFO [2025-05-23 12:43:40] $filename
INFO [2025-05-23 12:43:40] [1] "venn_up_genes.png"
INFO [2025-05-23 12:43:40] 
INFO [2025-05-23 12:43:40] $output
INFO [2025-05-23 12:43:40] [1] TRUE
INFO [2025-05-23 12:43:40] 
INFO [2025-05-23 12:43:40] $imagetype
INFO [2025-05-23 12:43:40] [1] "png"
INFO [2025-05-23 12:43:40] 
INFO [2025-05-23 12:43:40] $height
INFO [2025-05-23 12:43:40] [1] 4000
INFO [2025-05-23 12:43:40] 
INFO [2025-05-23 12:43:40] $width
INFO [2025-05-23 12:43:40] [1] 6000
INFO [2025-05-23 12:43:40] 
INFO [2025-05-23 12:43:40] $resolution
INFO [2025-05-23 12:43:40] [1] 300
INFO [2025-05-23 12:43:40] 
INFO [2025-05-23 12:43:40] $compression
INFO [2025-05-23 12:43:40] [1] "lzw"
INFO [2025-05-23 12:43:40] 
INFO [2025-05-23 12:43:40] $fill
INFO [2025-05-23 12:43:40] c("tomato", "skyblue")
INFO [2025-05-23 12:43:40] 
INFO [2025-05-23 12:43:40] $alpha
INFO [2025-05-23 12:43:40] [1] 0.5
INFO [2025-05-23 12:43:40] 
INFO [2025-05-23 12:43:40] $cex
INFO [2025-05-23 12:43:40] [1] 2
INFO [2025-05-23 12:43:40] 
INFO [2025-05-23 12:43:40] $cat.cex
INFO [2025-05-23 12:43:40] [1] 2
INFO [2025-05-23 12:43:40] 
INFO [2025-05-23 12:43:40] $cat.col
INFO [2025-05-23 12:43:40] c("tomato", "skyblue")
INFO [2025-05-23 12:43:40] 
INFO [2025-05-23 12:43:40] $main
INFO [2025-05-23 12:43:40] [1] "Upregulated Genes Overlap"
INFO [2025-05-23 12:43:40] 
