INFO [2025-05-22 13:31:23] $x
INFO [2025-05-22 13:31:23] up_genes_list
INFO [2025-05-22 13:31:23] 
INFO [2025-05-22 13:31:23] $filename
INFO [2025-05-22 13:31:23] [1] "venn"
INFO [2025-05-22 13:31:23] 
INFO [2025-05-22 13:31:23] $fill
INFO [2025-05-22 13:31:23] c("lightblue", "salmon", "palegreen", "orange", "lightgreen", 
INFO [2025-05-22 13:31:23]     "yellow", "lightpink", "blue", "red", "purple")
INFO [2025-05-22 13:31:23] 
INFO [2025-05-22 13:31:23] $alpha
INFO [2025-05-22 13:31:23] [1] 0.5
INFO [2025-05-22 13:31:23] 
INFO [2025-05-22 13:31:23] $cex
INFO [2025-05-22 13:31:23] [1] 1.5
INFO [2025-05-22 13:31:23] 
INFO [2025-05-22 13:31:23] $cat.cex
INFO [2025-05-22 13:31:23] [1] 1.2
INFO [2025-05-22 13:31:23] 
INFO [2025-05-22 13:31:23] $main
INFO [2025-05-22 13:31:23] [1] "Ortak Up Genler"
INFO [2025-05-22 13:31:23] 
ERROR [2025-05-22 13:31:23] NAs in dataset
