INFO [2025-05-23 12:45:24] $x
INFO [2025-05-23 12:45:24] list(Endometriosis = all_down_endo, Autoimmune = all_down_auto)
INFO [2025-05-23 12:45:24] 
INFO [2025-05-23 12:45:24] $category.names
INFO [2025-05-23 12:45:24] c("Endometriosis", "Autoimmune")
INFO [2025-05-23 12:45:24] 
INFO [2025-05-23 12:45:24] $filename
INFO [2025-05-23 12:45:24] [1] "venn_down_genes.png"
INFO [2025-05-23 12:45:24] 
INFO [2025-05-23 12:45:24] $output
INFO [2025-05-23 12:45:24] [1] TRUE
INFO [2025-05-23 12:45:24] 
INFO [2025-05-23 12:45:24] $imagetype
INFO [2025-05-23 12:45:24] [1] "png"
INFO [2025-05-23 12:45:24] 
INFO [2025-05-23 12:45:24] $height
INFO [2025-05-23 12:45:24] [1] 2000
INFO [2025-05-23 12:45:24] 
INFO [2025-05-23 12:45:24] $width
INFO [2025-05-23 12:45:24] [1] 2000
INFO [2025-05-23 12:45:24] 
INFO [2025-05-23 12:45:24] $resolution
INFO [2025-05-23 12:45:24] [1] 300
INFO [2025-05-23 12:45:24] 
INFO [2025-05-23 12:45:24] $compression
INFO [2025-05-23 12:45:24] [1] "lzw"
INFO [2025-05-23 12:45:24] 
INFO [2025-05-23 12:45:24] $fill
INFO [2025-05-23 12:45:24] c("darkgreen", "gold")
INFO [2025-05-23 12:45:24] 
INFO [2025-05-23 12:45:24] $alpha
INFO [2025-05-23 12:45:24] [1] 0.5
INFO [2025-05-23 12:45:24] 
INFO [2025-05-23 12:45:24] $cex
INFO [2025-05-23 12:45:24] [1] 3
INFO [2025-05-23 12:45:24] 
INFO [2025-05-23 12:45:24] $cat.cex
INFO [2025-05-23 12:45:24] [1] 3
INFO [2025-05-23 12:45:24] 
INFO [2025-05-23 12:45:24] $cat.col
INFO [2025-05-23 12:45:24] c("darkgreen", "gold")
INFO [2025-05-23 12:45:24] 
INFO [2025-05-23 12:45:24] $main
INFO [2025-05-23 12:45:24] [1] "Downregulated Genes Overlap"
INFO [2025-05-23 12:45:24] 
ERROR [2025-05-23 12:45:24] NAs in dataset
