INFO [2025-05-22 13:29:00] $x
INFO [2025-05-22 13:29:00] up_genes_list
INFO [2025-05-22 13:29:00] 
INFO [2025-05-22 13:29:00] $filename
INFO [2025-05-22 13:29:00] NULL
INFO [2025-05-22 13:29:00] 
INFO [2025-05-22 13:29:00] $fill
INFO [2025-05-22 13:29:00] c("lightblue", "salmon", "palegreen", "orange", "lightgreen", 
INFO [2025-05-22 13:29:00]     "yellow", "lightpink", "blue", "red", "purple")
INFO [2025-05-22 13:29:00] 
INFO [2025-05-22 13:29:00] $alpha
INFO [2025-05-22 13:29:00] [1] 0.5
INFO [2025-05-22 13:29:00] 
INFO [2025-05-22 13:29:00] $cex
INFO [2025-05-22 13:29:00] [1] 1.5
INFO [2025-05-22 13:29:00] 
INFO [2025-05-22 13:29:00] $cat.cex
INFO [2025-05-22 13:29:00] [1] 1.2
INFO [2025-05-22 13:29:00] 
INFO [2025-05-22 13:29:00] $main
INFO [2025-05-22 13:29:00] [1] "Ortak Up Genler"
INFO [2025-05-22 13:29:00] 
ERROR [2025-05-22 13:29:00] NAs in dataset
