INFO [2025-05-23 12:43:14] $x
INFO [2025-05-23 12:43:14] list(Endometriosis = all_up_endo, Autoimmune = all_up_auto)
INFO [2025-05-23 12:43:14] 
INFO [2025-05-23 12:43:14] $category.names
INFO [2025-05-23 12:43:14] c("Endometriosis", "Autoimmune")
INFO [2025-05-23 12:43:14] 
INFO [2025-05-23 12:43:14] $filename
INFO [2025-05-23 12:43:14] [1] "venn_up_genes.png"
INFO [2025-05-23 12:43:14] 
INFO [2025-05-23 12:43:14] $output
INFO [2025-05-23 12:43:14] [1] TRUE
INFO [2025-05-23 12:43:14] 
INFO [2025-05-23 12:43:14] $imagetype
INFO [2025-05-23 12:43:14] [1] "png"
INFO [2025-05-23 12:43:14] 
INFO [2025-05-23 12:43:14] $height
INFO [2025-05-23 12:43:14] [1] 4000
INFO [2025-05-23 12:43:14] 
INFO [2025-05-23 12:43:14] $width
INFO [2025-05-23 12:43:14] [1] 10000
INFO [2025-05-23 12:43:14] 
INFO [2025-05-23 12:43:14] $resolution
INFO [2025-05-23 12:43:14] [1] 300
INFO [2025-05-23 12:43:14] 
INFO [2025-05-23 12:43:14] $compression
INFO [2025-05-23 12:43:14] [1] "lzw"
INFO [2025-05-23 12:43:14] 
INFO [2025-05-23 12:43:14] $fill
INFO [2025-05-23 12:43:14] c("tomato", "skyblue")
INFO [2025-05-23 12:43:14] 
INFO [2025-05-23 12:43:14] $alpha
INFO [2025-05-23 12:43:14] [1] 0.5
INFO [2025-05-23 12:43:14] 
INFO [2025-05-23 12:43:14] $cex
INFO [2025-05-23 12:43:14] [1] 3
INFO [2025-05-23 12:43:14] 
INFO [2025-05-23 12:43:14] $cat.cex
INFO [2025-05-23 12:43:14] [1] 2
INFO [2025-05-23 12:43:14] 
INFO [2025-05-23 12:43:14] $cat.col
INFO [2025-05-23 12:43:14] c("tomato", "skyblue")
INFO [2025-05-23 12:43:14] 
INFO [2025-05-23 12:43:14] $main
INFO [2025-05-23 12:43:14] [1] "Upregulated Genes Overlap"
INFO [2025-05-23 12:43:14] 
